[[0;35m![0m][0;35m Pre-checking phase started on Sun Nov 14 06:35:14 EST 2021
    [0mFirmware binary path: /firmware[0m
[[0;33m*[0m] Sun Nov 14 06:35:14 EST 2021 - P02_firmware_bin_file_check starting
[[0;33m*[0m] Sun Nov 14 06:35:15 EST 2021 - P02_firmware_bin_file_check finished
[[0;33m*[0m] Sun Nov 14 06:35:15 EST 2021 - P03_firmware_virustotal_check starting
[[0;33m*[0m] Sun Nov 14 06:35:15 EST 2021 - P10_vmdk_extractor starting
[[0;33m*[0m] Sun Nov 14 06:35:15 EST 2021 - P03_firmware_virustotal_check finished
[[0;33m*[0m] Sun Nov 14 06:35:15 EST 2021 - P10_vmdk_extractor finished
[[0;33m*[0m] Sun Nov 14 06:35:15 EST 2021 - P11_dlink_SHRS_enc_extract starting
[[0;33m*[0m] Sun Nov 14 06:35:15 EST 2021 - P11_dlink_SHRS_enc_extract finished
[[0;33m*[0m] Sun Nov 14 06:35:15 EST 2021 - P12_avm_freetz_ng_extract starting
[[0;33m*[0m] Sun Nov 14 06:35:15 EST 2021 - P12_avm_freetz_ng_extract finished
[[0;33m*[0m] Sun Nov 14 06:35:15 EST 2021 - P20_firmware_bin_extractor starting
[[0;33m*[0m] Sun Nov 14 06:35:52 EST 2021 - P20_firmware_bin_extractor finished
[[0;33m*[0m] Sun Nov 14 06:35:52 EST 2021 - P70_firmware_bin_base_analyzer starting
[[0;33m*[0m] Sun Nov 14 06:35:52 EST 2021 - P99_prepare_analyzer starting
[[0;33m*[0m] Sun Nov 14 06:40:42 EST 2021 - P70_firmware_bin_base_analyzer finished
[[0;33m*[0m] Sun Nov 14 06:41:47 EST 2021 - P99_prepare_analyzer finished
[[0;35m![0m][0;35m Pre-checking phase ended on Sun Nov 14 06:41:47 EST 2021 and took about 00:06:35 
[0m
[[0;35m![0m][0;35m Testing phase started on Sun Nov 14 06:41:47 EST 2021
    [0mFirmware path: /log/firmware[0m
[[0;33m*[0m] Sun Nov 14 06:41:47 EST 2021 - S120_cwe_checker starting
[[0;33m*[0m] Sun Nov 14 06:41:47 EST 2021 - S115_usermode_emulator starting
[[0;33m*[0m] Sun Nov 14 06:41:47 EST 2021 - S110_yara_check starting
[[0;33m*[0m] Sun Nov 14 06:41:47 EST 2021 - S09_firmware_base_version_check starting
[[0;33m*[0m] Sun Nov 14 06:41:48 EST 2021 - S115_usermode_emulator finished
[[0;33m*[0m] Sun Nov 14 06:41:48 EST 2021 - S05_firmware_details starting
[[0;33m*[0m] Sun Nov 14 06:41:48 EST 2021 - S06_distribution_identification starting
[[0;33m*[0m] Sun Nov 14 06:41:48 EST 2021 - S10_binaries_basic_check starting
[[0;33m*[0m] Sun Nov 14 06:41:48 EST 2021 - S12_binary_protection starting
[[0;33m*[0m] Sun Nov 14 06:41:50 EST 2021 - S06_distribution_identification finished
[[0;33m*[0m] Sun Nov 14 06:41:50 EST 2021 - S13_weak_func_check starting
[[0;33m*[0m] Sun Nov 14 06:41:53 EST 2021 - S05_firmware_details finished
[[0;33m*[0m] Sun Nov 14 06:41:54 EST 2021 - S14_weak_func_radare_check starting
[[0;33m*[0m] Sun Nov 14 06:53:53 EST 2021 - S10_binaries_basic_check finished
[[0;33m*[0m] Sun Nov 14 06:53:54 EST 2021 - S15_bootloader_check starting
[[0;33m*[0m] Sun Nov 14 06:54:33 EST 2021 - S15_bootloader_check finished
[[0;33m*[0m] Sun Nov 14 06:54:34 EST 2021 - S20_shell_check starting
[[0;33m*[0m] Sun Nov 14 06:55:08 EST 2021 - S20_shell_check finished
[[0;33m*[0m] Sun Nov 14 06:55:10 EST 2021 - S21_python_check starting
[[0;33m*[0m] Sun Nov 14 07:13:45 EST 2021 - S110_yara_check finished
[[0;33m*[0m] Sun Nov 14 07:13:49 EST 2021 - S22_php_check starting
[[0;33m*[0m] Sun Nov 14 07:13:55 EST 2021 - S22_php_check finished
[[0;33m*[0m] Sun Nov 14 07:13:56 EST 2021 - S25_kernel_check starting
[[0;33m*[0m] Sun Nov 14 07:24:24 EST 2021 - S25_kernel_check finished
[[0;33m*[0m] Sun Nov 14 07:24:25 EST 2021 - S30_version_vulnerability_check starting
[[0;33m*[0m] Sun Nov 14 07:24:27 EST 2021 - S30_version_vulnerability_check finished
[[0;33m*[0m] Sun Nov 14 07:24:28 EST 2021 - S35_http_file_check starting
[[0;33m*[0m] Sun Nov 14 07:26:06 EST 2021 - S35_http_file_check finished
[[0;33m*[0m] Sun Nov 14 07:26:07 EST 2021 - S40_weak_perm_check starting
[[0;33m*[0m] Sun Nov 14 07:26:12 EST 2021 - S40_weak_perm_check finished
[[0;33m*[0m] Sun Nov 14 07:26:13 EST 2021 - S45_pass_file_check starting
[[0;33m*[0m] Sun Nov 14 07:26:29 EST 2021 - S45_pass_file_check finished
[[0;33m*[0m] Sun Nov 14 07:26:30 EST 2021 - S50_authentication_check starting
[[0;33m*[0m] Sun Nov 14 07:27:00 EST 2021 - S50_authentication_check finished
[[0;33m*[0m] Sun Nov 14 07:27:01 EST 2021 - S55_history_file_check starting
[[0;33m*[0m] Sun Nov 14 07:27:07 EST 2021 - S55_history_file_check finished
[[0;33m*[0m] Sun Nov 14 07:27:08 EST 2021 - S60_cert_file_check starting
[[0;33m*[0m] Sun Nov 14 07:30:33 EST 2021 - S60_cert_file_check finished
[[0;33m*[0m] Sun Nov 14 07:30:34 EST 2021 - S65_config_file_check starting
[[0;33m*[0m] Sun Nov 14 07:32:32 EST 2021 - S65_config_file_check finished
[[0;33m*[0m] Sun Nov 14 07:32:33 EST 2021 - S70_hidden_file_check starting
[[0;33m*[0m] Sun Nov 14 07:32:44 EST 2021 - S70_hidden_file_check finished
[[0;33m*[0m] Sun Nov 14 07:32:45 EST 2021 - S75_network_check starting
[[0;33m*[0m] Sun Nov 14 07:32:49 EST 2021 - S75_network_check finished
[[0;33m*[0m] Sun Nov 14 07:32:51 EST 2021 - S80_cronjob_check starting
[[0;33m*[0m] Sun Nov 14 07:32:57 EST 2021 - S80_cronjob_check finished
[[0;33m*[0m] Sun Nov 14 07:32:58 EST 2021 - S85_ssh_check starting
[[0;33m*[0m] Sun Nov 14 07:33:13 EST 2021 - S85_ssh_check finished
[[0;33m*[0m] Sun Nov 14 07:33:14 EST 2021 - S90_mail_check starting
[[0;33m*[0m] Sun Nov 14 07:33:21 EST 2021 - S90_mail_check finished
[[0;33m*[0m] Sun Nov 14 07:33:22 EST 2021 - S95_interesting_binaries_check starting
[[0;33m*[0m] Sun Nov 14 07:33:33 EST 2021 - S95_interesting_binaries_check finished
[[0;33m*[0m] Sun Nov 14 07:33:34 EST 2021 - S100_command_inj_check starting
[[0;33m*[0m] Sun Nov 14 07:33:41 EST 2021 - S100_command_inj_check finished
[[0;33m*[0m] Sun Nov 14 07:33:41 EST 2021 - S103_deep_search starting
[[0;33m*[0m] Sun Nov 14 07:33:48 EST 2021 - S120_cwe_checker finished
[[0;33m*[0m] Sun Nov 14 07:33:52 EST 2021 - S106_deep_key_search starting
[[0;33m*[0m] Sun Nov 14 07:37:05 EST 2021 - S21_python_check finished
[[0;33m*[0m] Sun Nov 14 07:37:08 EST 2021 - S107_deep_password_search starting
[[0;33m*[0m] Sun Nov 14 07:45:10 EST 2021 - S107_deep_password_search finished
[[0;33m*[0m] Sun Nov 14 07:55:08 EST 2021 - S106_deep_key_search finished
[[0;33m*[0m] Sun Nov 14 08:17:19 EST 2021 - S12_binary_protection finished
[[0;33m*[0m] Sun Nov 14 08:53:09 EST 2021 - S13_weak_func_check finished
[[0;33m*[0m] Sun Nov 14 08:53:11 EST 2021 - S14_weak_func_radare_check finished
[[0;33m*[0m] Sun Nov 14 08:58:59 EST 2021 - S103_deep_search finished
[[0;33m*[0m] Sun Nov 14 09:55:39 EST 2021 - S09_firmware_base_version_check finished
[[0;35m![0m][0;35m Testing phase ended on Sun Nov 14 09:55:39 EST 2021 and took about 03:20:27 
[0m
[[0;35m![0m][0;35m Reporting phase started on Sun Nov 14 09:55:39 EST 2021
[0m
[[0;33m*[0m] Sun Nov 14 09:55:39 EST 2021 - F10_license_summary starting
[[0;33m*[0m] Sun Nov 14 09:55:41 EST 2021 - F10_license_summary finished
[[0;33m*[0m] Sun Nov 14 09:55:41 EST 2021 - F19_cve_aggregator starting
[[0;33m*[0m] Sun Nov 14 09:59:03 EST 2021 - F19_cve_aggregator finished
[[0;33m*[0m] Sun Nov 14 09:59:03 EST 2021 - F50_base_aggregator starting
[[0;33m*[0m] Sun Nov 14 09:59:07 EST 2021 - F50_base_aggregator finished
[[0;35m![0m][0;35m Test ended on Sun Nov 14 09:59:07 EST 2021 and took about 03:23:55 
[0m
[[0;33m*[0m] Web report created HTML report in [0;33m/log/html-report[0m

[[0;33m*[0m] Open the web-report with[0;33m firefox /log/html-report/index.html[0m

[[0;33m*[0m] Open the web-report with[0;33m firefox /home/kali/log_DVD/html-report/index.html[0m

